<?xml version="1.0" encoding="UTF-8"?>
<testsuite name="banking.CheckingTest" tests="7" skipped="0" failures="0" errors="0" timestamp="2024-01-16T06:30:56" hostname="Jasons-Air.fios-router.home" time="0.002">
  <properties/>
  <testcase name="checking_account_twice_withdraw()" classname="banking.CheckingTest" time="0.0"/>
  <testcase name="checking_account_apr()" classname="banking.CheckingTest" time="0.0"/>
  <testcase name="checking_account_twice_deposit()" classname="banking.CheckingTest" time="0.0"/>
  <testcase name="checking_account_create()" classname="banking.CheckingTest" time="0.0"/>
  <testcase name="checking_account_starting_balance()" classname="banking.CheckingTest" time="0.0"/>
  <testcase name="checking_account_deposit()" classname="banking.CheckingTest" time="0.0"/>
  <testcase name="checking_account_withdraw()" classname="banking.CheckingTest" time="0.0"/>
  <system-out><![CDATA[]]></system-out>
  <system-err><![CDATA[]]></system-err>
</testsuite>
